<?xml version="1.0" encoding="UTF-8"?>
<!-- Generated by org.testng.reporters.JUnitReportReporter -->
<testsuite hostname="Shanti-Windows-Laptop" failures="0" tests="5" name="SalesforceAutomation.SFLoginTCs" time="158.449" errors="0" timestamp="2024-02-18T20:48:37 PST" skipped="0">
  <testcase classname="SalesforceAutomation.SFLoginTCs" name="sfLoginTC3" time="54.105"/>
  <system-out/>
  <testcase classname="SalesforceAutomation.SFLoginTCs" name="sfLoginTC4B" time="29.920"/>
  <system-out/>
  <testcase classname="SalesforceAutomation.SFLoginTCs" name="sfLoginTC1" time="10.174"/>
  <system-out/>
  <testcase classname="SalesforceAutomation.SFLoginTCs" name="sfLoginTC2" time="38.759"/>
  <system-out/>
  <testcase classname="SalesforceAutomation.SFLoginTCs" name="sfLoginTC4A" time="25.491"/>
  <system-out/>
</testsuite> <!-- SalesforceAutomation.SFLoginTCs -->
