<?xml version="1.0" encoding="UTF-8"?>
<!-- Generated by org.testng.reporters.JUnitReportReporter -->
<testsuite hostname="Shanti-Windows-Laptop" failures="0" tests="1" name="SalesforceTestModules.SFLoginTCs" time="86.179" errors="0" timestamp="2024-02-21T19:27:53 PST" skipped="0">
  <testcase classname="SalesforceTestModules.SFLoginTCs" name="sfLoginTC3" time="86.179"/>
  <system-out/>
</testsuite> <!-- SalesforceTestModules.SFLoginTCs -->
